Arguments: 
  C:\Program Files\nodejs\node.exe C:\Program Files\nodejs\node_modules\yarn\bin\yarn.js add -D @expo/webpack-config babel-loader

PATH: 
  C:\Program Files\Common Files\Oracle\Java\javapath;C:\WINDOWS\system32;C:\WINDOWS;C:\WINDOWS\System32\Wbem;C:\WINDOWS\System32\WindowsPowerShell\v1.0\;C:\WINDOWS\System32\OpenSSH\;C:\Program Files (x86)\CheckPoint\Endpoint Security\Endpoint Common\bin;C:\Program Files\Git\cmd;C:\Program Files\Microsoft VS Code\bin;C:\Users\nasmoham\AppData\Roaming\nvm;C:\Program Files\nodejs;C:\Program Files\Java\jdk1.8.0_202\bin;;C:\Program Files\Docker\Docker\resources\bin;C:\ProgramData\DockerDesktop\version-bin;C:\Users\nasmoham\AppData\Local\Microsoft\WindowsApps;C:\Users\nasmoham\AppData\Local\GitHubDesktop\bin;C:\Program Files\JetBrains\IntelliJ IDEA 2022.1.2\bin;;C:\Program Files\JetBrains\IntelliJ IDEA Community Edition 2022.1.2\bin;;C:\Users\nasmoham\AppData\Roaming\nvm;C:\Program Files\nodejs;C:\Program Files\Java\jdk1.8.0_202\bin;

Yarn version: 
  1.22.19

Node version: 
  16.15.1

Platform: 
  win32 x64

Trace: 
  Error: https://registry.yarnpkg.com/@graphql-codegen%2fcli: ESOCKETTIMEDOUT
      at ClientRequest.<anonymous> (C:\Users\nasmoham\AppData\Roaming\nvm\v16.15.1\node_modules\yarn\lib\cli.js:141517:19)
      at Object.onceWrapper (node:events:641:28)
      at ClientRequest.emit (node:events:527:28)
      at TLSSocket.emitRequestTimeout (node:_http_client:771:9)
      at Object.onceWrapper (node:events:641:28)
      at TLSSocket.emit (node:events:539:35)
      at TLSSocket.Socket._onTimeout (node:net:516:8)
      at listOnTimeout (node:internal/timers:559:17)
      at processTimers (node:internal/timers:502:7)

npm manifest: 
  {
    "name": "budgeting-app-frontend",
    "version": "1.0.0",
    "main": "node_modules/expo/AppEntry.js",
    "engines": {
      "node": "16.15.1",
      "npm": "8.11.0"
    },
    "scripts": {
      "start": "expo start --tunnel",
      "startlan": "expo start",
      "android": "expo start --android",
      "ios": "expo start --ios",
      "web": "expo start --web",
      "eject": "expo eject",
      "test": "jest",
      "codegen": "graphql-codegen"
    },
    "jest": {
      "preset": "jest-expo"
    },
    "dependencies": {
      "@apollo/client": "^3.6.9",
      "@expo-google-fonts/b612-mono": "^0.2.2",
      "@expo/ngrok": "^4.1.0",
      "@expo/vector-icons": "^13.0.0",
      "@graphql-codegen/cli": "^2.7.0",
      "@react-native-async-storage/async-storage": "^1.17.7",
      "@react-navigation/bottom-tabs": "^6.0.5",
      "@react-navigation/native": "^6.0.2",
      "@react-navigation/native-stack": "^6.1.0",
      "expo": "~45.0.0",
      "expo-asset": "~8.5.0",
      "expo-cli": "^5.4.12",
      "expo-constants": "~13.1.1",
      "expo-font": "~10.1.0",
      "expo-linking": "~3.1.0",
      "expo-splash-screen": "~0.15.1",
      "expo-status-bar": "~1.3.0",
      "expo-system-ui": "~1.2.0",
      "expo-web-browser": "~10.2.0",
      "formik": "^2.2.9",
      "graphql": "^15.8.0",
      "graphql-codegen": "^0.4.0",
      "moment": "^2.29.4",
      "react": "17.0.2",
      "react-dom": "17.0.2",
      "react-native": "0.68.2",
      "react-native-calendar-picker": "~7.1.2",
      "react-native-color-palette": "^2.2.0",
      "react-native-gesture-handler": "~2.2.1",
      "react-native-phone-number-input": "^2.1.0",
      "react-native-safe-area-context": "4.2.4",
      "react-native-screens": "~3.11.1",
      "react-native-svg": "^12.4.3",
      "react-native-web": "0.17.7",
      "victory-native": "^36.5.3",
      "webpack-config": "^7.5.0"
    },
    "devDependencies": {
      "@babel/core": "^7.12.9",
      "@graphql-codegen/typed-document-node": "^2.3.1",
      "@graphql-codegen/typescript": "^2.7.1",
      "@graphql-codegen/typescript-operations": "^2.5.1",
      "@types/react": "~17.0.21",
      "@types/react-native": "~0.66.13",
      "@types/react-native-calendar-picker": "^7.0.2",
      "jest": "^26.6.3",
      "jest-expo": "~45.0.0",
      "react-test-renderer": "17.0.2",
      "typescript": "~4.3.5"
    },
    "private": true
  }

yarn manifest: 
  No manifest

Lockfile: 
  No lockfile
